\BOOKMARK [1][-]{section*.2}{\376\377\144\130\211\201}{}% 1
\BOOKMARK [1][-]{section*.3}{\376\377\000A\000b\000s\000t\000r\000a\000c\000t}{}% 2
\BOOKMARK [1][-]{section.1}{\376\377\122\115\212\000}{}% 3
\BOOKMARK [2][-]{subsection.1.1}{\376\377\213\376\230\230\170\024\172\166\200\314\146\157\123\312\141\017\116\111}{section.1}% 4
\BOOKMARK [2][-]{subsection.1.2}{\376\377\126\375\121\205\131\026\170\024\172\166\163\260\162\266}{section.1}% 5
\BOOKMARK [3][-]{subsubsection.1.2.1}{\376\377\117\040\176\337\122\006\133\120\133\371\143\245\116\016\142\123\122\006\121\375\145\160}{subsection.1.2}% 6
\BOOKMARK [3][-]{subsubsection.1.2.2}{\376\377\155\361\136\246\133\146\116\140\206\313\166\175\215\050\000-\221\115\117\123\136\372\152\041}{subsection.1.2}% 7
\BOOKMARK [3][-]{subsubsection.1.2.3}{\376\377\131\032\116\373\122\241\133\146\116\140\116\016\232\330\145\110\154\350\141\017\122\233}{subsection.1.2}% 8
\BOOKMARK [2][-]{subsection.1.3}{\376\377\147\054\145\207\116\073\211\201\170\024\172\166\121\205\133\271}{section.1}% 9
\BOOKMARK [1][-]{section.2}{\376\377\166\370\121\163\142\200\147\057\116\016\164\006\213\272\127\372\170\100}{}% 10
\BOOKMARK [2][-]{subsection.2.1}{\376\377\126\376\171\136\176\317\177\121\176\334\116\016\000G\000r\000a\000p\000h\000-\000T\000r\000a\000n\000s\000f\000o\000r\000m\000e\000r}{section.2}% 11
\BOOKMARK [2][-]{subsection.2.2}{\376\377\131\032\116\373\122\241\133\146\116\140\116\016\117\030\123\026\164\006\213\272}{section.2}% 12
\BOOKMARK [2][-]{subsection.2.3}{\376\377\122\006\133\120\133\371\143\245\116\016\213\304\155\113\143\007\150\007}{section.2}% 13
\BOOKMARK [2][-]{subsection.2.4}{\376\377\200\375\221\317\166\321\167\143\116\016\123\357\211\343\221\312\140\047\136\372\152\041}{section.2}% 14
\BOOKMARK [1][-]{section.3}{\376\377\000I\000n\000t\000e\000r\000M\000o\000B\000A\000-\000M\000T\000L\174\373\176\337\213\276\213\241}{}% 15
\BOOKMARK [2][-]{subsection.3.1}{\376\377\174\373\176\337\140\073\117\123\147\266\147\204}{section.3}% 16
\BOOKMARK [2][-]{subsection.3.2}{\376\377\116\373\122\241\133\232\116\111\116\016\176\337\116\000\217\223\121\372\131\121\176\246}{section.3}% 17
\BOOKMARK [2][-]{subsection.3.3}{\376\377\131\032\134\072\136\246\200\124\124\010\166\321\167\143\166\204\164\006\213\272\117\235\143\156\116\016\147\072\122\066\122\006\147\220}{section.3}% 18
\BOOKMARK [2][-]{subsection.3.4}{\376\377\131\032\116\373\122\241\143\137\131\061\122\240\147\103\116\016\123\314\145\160\143\156\156\220\145\160\143\156\155\101}{section.3}% 19
\BOOKMARK [3][-]{subsubsection.3.4.1}{\376\377\143\137\131\061\122\240\147\103\173\126\165\145}{subsection.3.4}% 20
\BOOKMARK [3][-]{subsubsection.3.4.2}{\376\377\123\314\145\160\143\156\156\220\116\244\146\377\221\307\150\067\147\072\122\066}{subsection.3.4}% 21
\BOOKMARK [2][-]{subsection.3.5}{\376\377\116\044\226\066\153\265\213\255\176\303\173\126\165\145\116\016\000\040\000M\000o\000B\000A\000\040\116\373\122\241\145\117\141\037\215\357\165\061}{section.3}% 22
\BOOKMARK [3][-]{subsubsection.3.5.1}{\376\377\230\204\213\255\176\303\040\024\137\256\214\003\166\204\116\044\226\066\153\265\213\255\176\303\173\126\165\145}{subsection.3.5}% 23
\BOOKMARK [3][-]{subsubsection.3.5.2}{\376\377\116\373\122\241\145\117\141\037\215\357\165\061\116\016\202\202\160\271\176\247\000\040\000M\000o\000B\000A\000\040\207\215\124\010}{subsection.3.5}% 24
\BOOKMARK [1][-]{section.4}{\376\377\200\375\221\317\166\321\167\143\116\016\123\357\211\343\221\312\140\047\176\246\147\137}{}% 25
\BOOKMARK [2][-]{subsection.4.1}{\376\377\126\333\122\006\221\317\232\330\145\257\200\375\221\317\230\171}{section.4}% 26
\BOOKMARK [2][-]{subsection.4.2}{\376\377\123\237\133\120\133\371\174\173\127\213\143\251\205\075\147\072\122\066}{section.4}% 27
\BOOKMARK [2][-]{subsection.4.3}{\376\377\121\340\117\125\176\246\147\137\116\016\200\375\221\317\122\006\211\343\123\357\211\306\123\026}{section.4}% 28
\BOOKMARK [1][-]{section.5}{\376\377\213\304\155\113\123\117\213\256}{}% 29
\BOOKMARK [2][-]{subsection.5.1}{\376\377\213\304\155\113\127\072\146\157\116\016\152\041\127\213\211\322\202\162}{section.5}% 30
\BOOKMARK [2][-]{subsection.5.2}{\376\377\213\304\155\113\143\007\150\007}{section.5}% 31
\BOOKMARK [2][-]{subsection.5.3}{\376\377\217\205\122\251\122\006\147\220\143\007\150\007}{section.5}% 32
\BOOKMARK [1][-]{section.6}{\376\377\133\236\232\214\116\016\122\006\147\220}{}% 33
\BOOKMARK [2][-]{subsection.6.1}{\376\377\133\236\232\214\213\276\177\156}{section.6}% 34
\BOOKMARK [3][-]{subsubsection.6.1.1}{\376\377\145\160\143\156\176\304\176\307}{subsection.6.1}% 35
\BOOKMARK [3][-]{subsubsection.6.1.2}{\376\377\133\236\232\214\163\257\130\203}{subsection.6.1}% 36
\BOOKMARK [3][-]{subsubsection.6.1.3}{\376\377\121\163\225\056\213\255\176\303\137\000\121\163}{subsection.6.1}% 37
\BOOKMARK [2][-]{subsection.6.2}{\376\377\213\255\176\303\172\063\133\232\140\047\116\016\127\050\176\277\166\321\143\247}{section.6}% 38
\BOOKMARK [2][-]{subsection.6.3}{\376\377\127\050\176\277\143\007\150\007\116\016\213\255\176\303\210\114\116\072\122\006\147\220}{section.6}% 39
\BOOKMARK [3][-]{subsubsection.6.3.1}{\376\377\232\214\213\301\143\007\150\007\133\232\116\111\116\016\213\241\173\227\145\271\137\017}{subsection.6.3}% 40
\BOOKMARK [2][-]{subsection.6.4}{\376\377\116\073\176\323\147\234\210\150}{section.6}% 41
\BOOKMARK [3][-]{subsubsection.6.4.1}{\376\377\116\262\124\214\122\233\230\204\155\113}{subsection.6.4}% 42
\BOOKMARK [3][-]{subsubsection.6.4.2}{\376\377\131\377\140\001\220\011\142\351}{subsection.6.4}% 43
\BOOKMARK [3][-]{subsubsection.6.4.3}{\376\377\162\354\172\313\127\372\121\306\133\371\143\245\174\276\136\246\213\304\117\060}{subsection.6.4}% 44
\BOOKMARK [2][-]{subsection.6.5}{\376\377\200\375\221\317\116\016\166\370\116\222\117\134\165\050\122\006\147\220}{section.6}% 45
\BOOKMARK [3][-]{subsubsection.6.5.1}{\376\377\166\370\116\222\117\134\165\050\140\142\131\015\163\207\213\304\117\060}{subsection.6.5}% 46
\BOOKMARK [3][-]{subsubsection.6.5.2}{\376\377\150\110\117\213\122\006\147\220}{subsection.6.5}% 47
\BOOKMARK [1][-]{section.7}{\376\377\140\073\176\323\116\016\134\125\147\033}{}% 48
\BOOKMARK [2][-]{subsection.7.1}{\376\377\135\345\117\134\140\073\176\323}{section.7}% 49
\BOOKMARK [2][-]{subsection.7.2}{\376\377\116\015\215\263\116\016\134\100\226\120}{section.7}% 50
\BOOKMARK [2][-]{subsection.7.3}{\376\377\134\125\147\033}{section.7}% 51
\BOOKMARK [1][-]{section*.27}{\376\377\123\302\200\003\145\207\163\056}{}% 52
\BOOKMARK [1][-]{section*.28}{\376\377\201\364\214\042}{}% 53
